<?xml version="1.0" encoding="UTF-8"?>
<!-- Generated by org.testng.reporters.JUnitReportReporter -->
<testsuite skipped="0" hostname="Ashwin" name="com.example.demo.NewTest" tests="1" failures="0" timestamp="2022-10-20T22:52:02 IST" time="20.126" errors="0">
  <testcase name="ecommerce_test" time="20.126" classname="com.example.demo.NewTest"/>
  <system-out/>
</testsuite> <!-- com.example.demo.NewTest -->
